<?xml version="1.0" encoding="UTF-8"?>
<testng-results skipped="0" failed="0" total="4" passed="4">
  <reporter-output>
  </reporter-output>
  <suite name="Default suite" duration-ms="165" started-at="2013-12-17T15:28:52Z" finished-at="2013-12-17T15:28:52Z">
    <groups>
    </groups>
    <test name="Default test" duration-ms="165" started-at="2013-12-17T15:28:52Z" finished-at="2013-12-17T15:28:52Z">
      <class name="com.skrill.interns.airplaneHorns.DeliveryTest">
        <test-method status="PASS" signature="setup()[pri:0, instance:com.skrill.interns.airplaneHorns.DeliveryTest@1e9e5c73]" name="setup" is-config="true" duration-ms="107" started-at="2013-12-17T17:28:52Z" finished-at="2013-12-17T17:28:52Z">
          <reporter-output>
          </reporter-output>
        </test-method> <!-- setup -->
        <test-method status="PASS" signature="when_create_Deliver_instance_with_null_arguments_throws_IllegalArgumentException()[pri:0, instance:com.skrill.interns.airplaneHorns.DeliveryTest@1e9e5c73]" name="when_create_Deliver_instance_with_null_arguments_throws_IllegalArgumentException" duration-ms="5" started-at="2013-12-17T17:28:52Z" finished-at="2013-12-17T17:28:52Z">
          <exception class="java.lang.IllegalArgumentException">
            <message>
              <![CDATA[Wrong arguments]]>
            </message>
            <full-stacktrace>
              <![CDATA[java.lang.IllegalArgumentException: Wrong arguments
	at com.skrill.interns.airplaneHorns.Delivery.<init>(Delivery.java:12)
	at com.skrill.interns.airplaneHorns.DeliveryTest.when_create_Deliver_instance_with_null_arguments_throws_IllegalArgumentException(DeliveryTest.java:32)
	at sun.reflect.NativeMethodAccessorImpl.invoke0(Native Method)
	at sun.reflect.NativeMethodAccessorImpl.invoke(NativeMethodAccessorImpl.java:39)
	at sun.reflect.DelegatingMethodAccessorImpl.invoke(DelegatingMethodAccessorImpl.java:25)
	at java.lang.reflect.Method.invoke(Method.java:597)
	at org.testng.internal.MethodInvocationHelper.invokeMethod(MethodInvocationHelper.java:84)
	at org.testng.internal.Invoker.invokeMethod(Invoker.java:714)
	at org.testng.internal.Invoker.invokeTestMethod(Invoker.java:901)
	at org.testng.internal.Invoker.invokeTestMethods(Invoker.java:1231)
	at org.testng.internal.TestMethodWorker.invokeTestMethods(TestMethodWorker.java:127)
	at org.testng.internal.TestMethodWorker.run(TestMethodWorker.java:111)
	at org.testng.TestRunner.privateRun(TestRunner.java:767)
	at org.testng.TestRunner.run(TestRunner.java:617)
	at org.testng.SuiteRunner.runTest(SuiteRunner.java:334)
	at org.testng.SuiteRunner.runSequentially(SuiteRunner.java:329)
	at org.testng.SuiteRunner.privateRun(SuiteRunner.java:291)
	at org.testng.SuiteRunner.run(SuiteRunner.java:240)
	at org.testng.SuiteRunnerWorker.runSuite(SuiteRunnerWorker.java:52)
	at org.testng.SuiteRunnerWorker.run(SuiteRunnerWorker.java:86)
	at org.testng.TestNG.runSuitesSequentially(TestNG.java:1224)
	at org.testng.TestNG.runSuitesLocally(TestNG.java:1149)
	at org.testng.TestNG.run(TestNG.java:1057)
	at org.testng.remote.RemoteTestNG.run(RemoteTestNG.java:111)
	at org.testng.remote.RemoteTestNG.initAndRun(RemoteTestNG.java:204)
	at org.testng.remote.RemoteTestNG.main(RemoteTestNG.java:175)
]]>
            </full-stacktrace>
          </exception> <!-- java.lang.IllegalArgumentException -->
          <reporter-output>
          </reporter-output>
        </test-method> <!-- when_create_Deliver_instance_with_null_arguments_throws_IllegalArgumentException -->
        <test-method status="PASS" signature="after()[pri:0, instance:com.skrill.interns.airplaneHorns.DeliveryTest@1e9e5c73]" name="after" is-config="true" duration-ms="1" started-at="2013-12-17T17:28:52Z" finished-at="2013-12-17T17:28:52Z">
          <reporter-output>
          </reporter-output>
        </test-method> <!-- after -->
        <test-method status="PASS" signature="setup()[pri:0, instance:com.skrill.interns.airplaneHorns.DeliveryTest@1e9e5c73]" name="setup" is-config="true" duration-ms="0" started-at="2013-12-17T17:28:52Z" finished-at="2013-12-17T17:28:52Z">
          <reporter-output>
          </reporter-output>
        </test-method> <!-- setup -->
        <test-method status="PASS" signature="when_deliverA_make_delivery_then_partsA_in_the_station_increased()[pri:0, instance:com.skrill.interns.airplaneHorns.DeliveryTest@1e9e5c73]" name="when_deliverA_make_delivery_then_partsA_in_the_station_increased" duration-ms="35" started-at="2013-12-17T17:28:52Z" finished-at="2013-12-17T17:28:52Z">
          <reporter-output>
          </reporter-output>
        </test-method> <!-- when_deliverA_make_delivery_then_partsA_in_the_station_increased -->
        <test-method status="PASS" signature="after()[pri:0, instance:com.skrill.interns.airplaneHorns.DeliveryTest@1e9e5c73]" name="after" is-config="true" duration-ms="0" started-at="2013-12-17T17:28:52Z" finished-at="2013-12-17T17:28:52Z">
          <reporter-output>
          </reporter-output>
        </test-method> <!-- after -->
        <test-method status="PASS" signature="setup()[pri:0, instance:com.skrill.interns.airplaneHorns.DeliveryTest@1e9e5c73]" name="setup" is-config="true" duration-ms="0" started-at="2013-12-17T17:28:52Z" finished-at="2013-12-17T17:28:52Z">
          <reporter-output>
          </reporter-output>
        </test-method> <!-- setup -->
        <test-method status="PASS" signature="when_deliverB_make_delivery_then_partsB_in_the_station_increased()[pri:0, instance:com.skrill.interns.airplaneHorns.DeliveryTest@1e9e5c73]" name="when_deliverB_make_delivery_then_partsB_in_the_station_increased" duration-ms="1" started-at="2013-12-17T17:28:52Z" finished-at="2013-12-17T17:28:52Z">
          <reporter-output>
          </reporter-output>
        </test-method> <!-- when_deliverB_make_delivery_then_partsB_in_the_station_increased -->
        <test-method status="PASS" signature="after()[pri:0, instance:com.skrill.interns.airplaneHorns.DeliveryTest@1e9e5c73]" name="after" is-config="true" duration-ms="0" started-at="2013-12-17T17:28:52Z" finished-at="2013-12-17T17:28:52Z">
          <reporter-output>
          </reporter-output>
        </test-method> <!-- after -->
        <test-method status="PASS" signature="setup()[pri:0, instance:com.skrill.interns.airplaneHorns.DeliveryTest@1e9e5c73]" name="setup" is-config="true" duration-ms="0" started-at="2013-12-17T17:28:52Z" finished-at="2013-12-17T17:28:52Z">
          <reporter-output>
          </reporter-output>
        </test-method> <!-- setup -->
        <test-method status="PASS" signature="when_deliverC_make_delivery_then_partsC_in_the_station_increased()[pri:0, instance:com.skrill.interns.airplaneHorns.DeliveryTest@1e9e5c73]" name="when_deliverC_make_delivery_then_partsC_in_the_station_increased" duration-ms="1" started-at="2013-12-17T17:28:52Z" finished-at="2013-12-17T17:28:52Z">
          <reporter-output>
          </reporter-output>
        </test-method> <!-- when_deliverC_make_delivery_then_partsC_in_the_station_increased -->
        <test-method status="PASS" signature="after()[pri:0, instance:com.skrill.interns.airplaneHorns.DeliveryTest@1e9e5c73]" name="after" is-config="true" duration-ms="0" started-at="2013-12-17T17:28:52Z" finished-at="2013-12-17T17:28:52Z">
          <reporter-output>
          </reporter-output>
        </test-method> <!-- after -->
      </class> <!-- com.skrill.interns.airplaneHorns.DeliveryTest -->
    </test> <!-- Default test -->
  </suite> <!-- Default suite -->
</testng-results>
