<?xml version="1.0" encoding="UTF-8"?>
<testng-results skipped="0" failed="0" total="1" passed="1">
  <reporter-output>
  </reporter-output>
  <suite name="Default suite" duration-ms="218" started-at="2013-12-01T15:47:18Z" finished-at="2013-12-01T15:47:18Z">
    <groups>
    </groups>
    <test name="Default test" duration-ms="218" started-at="2013-12-01T15:47:18Z" finished-at="2013-12-01T15:47:18Z">
      <class name="com.skrill.interns.tests.StatisticsTest">
        <test-method status="PASS" signature="setup()[pri:0, instance:com.skrill.interns.tests.StatisticsTest@85bf5f]" name="setup" is-config="true" duration-ms="192" started-at="2013-12-01T17:47:18Z" finished-at="2013-12-01T17:47:18Z">
          <reporter-output>
          </reporter-output>
        </test-method> <!-- setup -->
        <test-method status="PASS" signature="marriedcouples_when_country_null()[pri:0, instance:com.skrill.interns.tests.StatisticsTest@85bf5f]" name="marriedcouples_when_country_null" duration-ms="10" started-at="2013-12-01T17:47:18Z" finished-at="2013-12-01T17:47:18Z">
          <reporter-output>
          </reporter-output>
        </test-method> <!-- marriedcouples_when_country_null -->
      </class> <!-- com.skrill.interns.tests.StatisticsTest -->
    </test> <!-- Default test -->
  </suite> <!-- Default suite -->
</testng-results>
