<?xml version="1.0" encoding="UTF-8"?>
<!-- Generated by org.testng.reporters.JUnitXMLReporter -->
<testsuite hostname="GNikolova" name="Default test" tests="26" failures="0" timestamp="29 Nov 2013 13:38:20 GMT" time="0.348" errors="0">
  <testcase name="averageAge_invokes_getCountPopAge" time="0.048" classname="com.skrill.interns.tests.StatisticsTest"/>
  <testcase name="averageAge_invokes_getCountPopulation" time="0.0010" classname="com.skrill.interns.tests.StatisticsTest"/>
  <testcase name="averageAge_when_getCountPopulation_is_zero" time="0.0040" classname="com.skrill.interns.tests.StatisticsTest"/>
  <testcase name="averageAge_when_town_is_null" time="0.0" classname="com.skrill.interns.tests.StatisticsTest"/>
  <testcase name="averageTest_when_result_is_35" time="0.0020" classname="com.skrill.interns.tests.StatisticsTest"/>
  <testcase name="dominantSex_invokes_getCountMen" time="0.0010" classname="com.skrill.interns.tests.StatisticsTest"/>
  <testcase name="dominantSex_invokes_getCountWomen" time="0.0010" classname="com.skrill.interns.tests.StatisticsTest"/>
  <testcase name="dominantSex_when_men_are_more" time="0.0" classname="com.skrill.interns.tests.StatisticsTest"/>
  <testcase name="dominantSex_when_women_are_more" time="0.0010" classname="com.skrill.interns.tests.StatisticsTest"/>
  <testcase name="dominantSexy_when_town_is_null" time="0.0" classname="com.skrill.interns.tests.StatisticsTest"/>
  <testcase name="oldestTown_methods_are_invoked" time="0.019" classname="com.skrill.interns.tests.StatisticsTest"/>
  <testcase name="oldestTown_when_country_is_null" time="0.0010" classname="com.skrill.interns.tests.StatisticsTest"/>
  <testcase name="populationDensity_divide_by_zero" time="0.0030" classname="com.skrill.interns.tests.StatisticsTest"/>
  <testcase name="populationDensity_invokes_getArea" time="0.0010" classname="com.skrill.interns.tests.StatisticsTest"/>
  <testcase name="populationDensity_invokes_getCountPopulation" time="0.0" classname="com.skrill.interns.tests.StatisticsTest"/>
  <testcase name="populationDensity_is_town_is_null" time="0.0" classname="com.skrill.interns.tests.StatisticsTest"/>
  <testcase name="populationDensity_when_result_is_2" time="0.0010" classname="com.skrill.interns.tests.StatisticsTest"/>
  <testcase name="addPerson_add_never_invoked" time="0.013" classname="com.skrill.interns.tests.TownTest"/>
  <testcase name="addPerson_adds_person" time="0.0" classname="com.skrill.interns.tests.TownTest"/>
  <testcase name="addPerson_countAge_when_person_is_added" time="0.0010" classname="com.skrill.interns.tests.TownTest"/>
  <testcase name="addPerson_countMen_increases" time="0.0" classname="com.skrill.interns.tests.TownTest"/>
  <testcase name="addPerson_countWomen_increases" time="0.0" classname="com.skrill.interns.tests.TownTest"/>
  <testcase name="addPerson_invokes_getAge" time="0.013" classname="com.skrill.interns.tests.TownTest"/>
  <testcase name="addPerson_invokes_getSex" time="0.0" classname="com.skrill.interns.tests.TownTest"/>
  <testcase name="addTown_when_town_is_added" time="0.0" classname="com.skrill.interns.tests.CountryTest"/>
  <testcase name="addTown_when_town_is_null" time="0.0010" classname="com.skrill.interns.tests.CountryTest"/>
</testsuite> <!-- Default test -->
