<?xml version="1.0" encoding="UTF-8"?>
<!-- Generated by org.testng.reporters.JUnitXMLReporter -->
<testsuite hostname="GNikolova" name="Default test" tests="4" failures="0" timestamp="17 Dec 2013 15:28:52 GMT" time="0.165" errors="0">
  <testcase name="when_create_Deliver_instance_with_null_arguments_throws_IllegalArgumentException" time="0.0050" classname="com.skrill.interns.airplaneHorns.DeliveryTest"/>
  <testcase name="when_deliverA_make_delivery_then_partsA_in_the_station_increased" time="0.035" classname="com.skrill.interns.airplaneHorns.DeliveryTest"/>
  <testcase name="when_deliverB_make_delivery_then_partsB_in_the_station_increased" time="0.0010" classname="com.skrill.interns.airplaneHorns.DeliveryTest"/>
  <testcase name="when_deliverC_make_delivery_then_partsC_in_the_station_increased" time="0.0010" classname="com.skrill.interns.airplaneHorns.DeliveryTest"/>
</testsuite> <!-- Default test -->
